Flow report for paralell_serial
Sat May 19 17:00:01 2018
Quartus Prime Version 17.0.0 Build 595 04/25/2017 SJ Lite Edition


---------------------
; Table of Contents ;
---------------------
  1. Legal Notice
  2. Flow Summary
  3. Flow Settings
  4. Flow Non-Default Global Settings
  5. Flow Elapsed Time
  6. Flow OS Summary
  7. Flow Log
  8. Flow Messages
  9. Flow Suppressed Messages



----------------
; Legal Notice ;
----------------
Copyright (C) 2017  Intel Corporation. All rights reserved.
Your use of Intel Corporation's design tools, logic functions 
and other software and tools, and its AMPP partner logic 
functions, and any output files from any of the foregoing 
(including device programming or simulation files), and any 
associated documentation or information are expressly subject 
to the terms and conditions of the Intel Program License 
Subscription Agreement, the Intel Quartus Prime License Agreement,
the Intel MegaCore Function License Agreement, or other 
applicable license agreement, including, without limitation, 
that your use is for the sole purpose of programming logic 
devices manufactured by Intel and sold by Intel or its 
authorized distributors.  Please refer to the applicable 
agreement for further details.



+---------------------------------------------------------------------+
; Flow Summary                                                        ;
+-----------------------+---------------------------------------------+
; Flow Status           ; Successful - Sat May 19 17:00:01 2018       ;
; Quartus Prime Version ; 17.0.0 Build 595 04/25/2017 SJ Lite Edition ;
; Revision Name         ; paralell_serial                             ;
; Top-level Entity Name ; serial_paralell                             ;
; Family                ; MAX V                                       ;
; Total logic elements  ; 4                                           ;
; Total pins            ; 4                                           ;
; Total virtual pins    ; 0                                           ;
; UFM blocks            ; 0 / 1 ( 0 % )                               ;
+-----------------------+---------------------------------------------+


+-----------------------------------------+
; Flow Settings                           ;
+-------------------+---------------------+
; Option            ; Setting             ;
+-------------------+---------------------+
; Start date & time ; 05/19/2018 16:59:28 ;
; Main task         ; Compilation         ;
; Revision Name     ; paralell_serial     ;
+-------------------+---------------------+


+------------------------------------------------------------------------------------------------------------------+
; Flow Non-Default Global Settings                                                                                 ;
+-------------------------------+---------------------------------+-----------------+-------------+----------------+
; Assignment Name               ; Value                           ; Default Value   ; Entity Name ; Section Id     ;
+-------------------------------+---------------------------------+-----------------+-------------+----------------+
; COMPILER_SIGNATURE_ID         ; 119236228610432.152675996801028 ; --              ; --          ; --             ;
; EDA_NETLIST_WRITER_OUTPUT_DIR ; simulation/modelsim             ; --              ; --          ; eda_simulation ;
; EDA_OUTPUT_DATA_FORMAT        ; Verilog Hdl                     ; --              ; --          ; eda_simulation ;
; EDA_SIMULATION_TOOL           ; ModelSim-Altera (Verilog)       ; <None>          ; --          ; --             ;
; EDA_TIME_SCALE                ; 1 ps                            ; --              ; --          ; eda_simulation ;
; PROJECT_OUTPUT_DIRECTORY      ; output_files                    ; --              ; --          ; --             ;
; TOP_LEVEL_ENTITY              ; serial_paralell                 ; paralell_serial ; --          ; --             ;
+-------------------------------+---------------------------------+-----------------+-------------+----------------+


+--------------------------------------------------------------------------------------------------------------------------+
; Flow Elapsed Time                                                                                                        ;
+----------------------+--------------+-------------------------+---------------------+------------------------------------+
; Module Name          ; Elapsed Time ; Average Processors Used ; Peak Virtual Memory ; Total CPU Time (on all processors) ;
+----------------------+--------------+-------------------------+---------------------+------------------------------------+
; Analysis & Synthesis ; 00:00:34     ; 1.0                     ; 697 MB              ; 00:01:06                           ;
; Total                ; 00:00:34     ; --                      ; --                  ; 00:01:06                           ;
+----------------------+--------------+-------------------------+---------------------+------------------------------------+


+------------------------------------------------------------------------------------+
; Flow OS Summary                                                                    ;
+----------------------+------------------+------------+------------+----------------+
; Module Name          ; Machine Hostname ; OS Name    ; OS Version ; Processor type ;
+----------------------+------------------+------------+------------+----------------+
; Analysis & Synthesis ; DESKTOP-VROF708  ; Windows 10 ; 10.0       ; x86_64         ;
+----------------------+------------------+------------+------------+----------------+


------------
; Flow Log ;
------------
quartus_map --read_settings_files=on --write_settings_files=off paralell_serial -c paralell_serial



